host=IN-010 start=2026-07-17T16:39:22+08:00
Verilator 5.048 2026-04-26 rev conda-forge build 1
32
xiangshan_commit=7bf51a8805543878a74f817dd731efde40c30fd2
########## make emu (SimTop + difftest) 2026-07-17T16:39:22+08:00 ##########
emu build rc=0 2026-07-17T16:56:03+08:00
emu binary: 90 /scratch/projects/CFP04/CFP04-SF-105/chipyardverilog/XiangShan/build/emu
########## run coremark 2026-07-17T16:56:03+08:00 ##########
run rc=0 2026-07-17T17:03:17+08:00
Running CoreMark for 2 iterations
2K performance run parameters for coremark.
CoreMark Size    : 666
Total time (ms)  : 4256
Iterations       : 2
Compiler version : GCC13.2.0
seedcrc          : 0xe9f5
[0]crclist       : 0xe714
[0]crcmatrix     : 0x1fd7
[0]crcstate      : 0x8e3a
[0]crcfinal      : 0x72be
Finished in 4256 ms.
==================================================
CoreMark Iterations/Sec 469
emu compiled at Jul 17 2026, 16:50:26
Using simulated 1048576B flash
Core  0's Commit SHA is: 7bf51a8805, dirty: 0
Using simulated 8386560MB RAM
The image is ./ready-to-run/coremark-2-iteration.bin
The reference model is ./ready-to-run/riscv64-nemu-interpreter-so
The first instruction of core 0 has commited. Difftest enabled. 
Core 0: [32mHIT GOOD TRAP at pc = 0x80001ca0
[0m[35mCore-0 instrCnt = 663,691, cycleCnt = 505,128, IPC = 1.313907
[0m[34mSeed=0 Guest cycle spent: 505,134 (this will be different from cycleCnt if emu loads a snapshot)
[0m[34mHost time spent: 433,714ms
[0mXS_EMU_DONE 2026-07-17T17:03:17+08:00
