Running CoreMark for 2 iterations
2K performance run parameters for coremark.
CoreMark Size    : 666
Total time (ms)  : 4256
Iterations       : 2
Compiler version : GCC13.2.0
seedcrc          : 0xe9f5
[0]crclist       : 0xe714
[0]crcmatrix     : 0x1fd7
[0]crcstate      : 0x8e3a
[0]crcfinal      : 0x72be
Finished in 4256 ms.
==================================================
CoreMark Iterations/Sec 469
emu compiled at Jul 17 2026, 17:54:47
Using simulated 1048576B flash
Core  0's Commit SHA is: 7bf51a8805, dirty: 0
Using simulated 8386560MB RAM
The image is ./ready-to-run/coremark-2-iteration.bin
The reference model is ./ready-to-run/riscv64-nemu-interpreter-so
The first instruction of core 0 has commited. Difftest enabled. 
Core 0: [32mHIT GOOD TRAP at pc = 0x80001ca0
[0m[35mCore-0 instrCnt = 663,691, cycleCnt = 505,128, IPC = 1.313907
[0m[34mSeed=0 Guest cycle spent: 505,134 (this will be different from cycleCnt if emu loads a snapshot)
[0m[34mHost time spent: 440,071ms
[0m